setTimeout(()=>{
    console.log(" i am the timeout fn ");
}, 5000);
1
VM263:2  i am the timeout fn 
console.log(" I am the Start ");
setTimeout(()=>{
    console.log(" i am the timeout fn ");
}, 5000);
console.log(" I am the End ");
VM572:1  I am the Start 
VM572:5  I am the End 
undefined
VM572:3  i am the timeout fn 
function doBigTask(){
    for(let i = 1; i<=100000; i++){
        for(let j = 1; j<=500000;j++){
            
        }
    }
    return "Big Task Ends ";
}
undefined
console.log("I am the Start Line ");
doBigTask();
console.log("I am the End Line ");


VM1163:1 I am the Start Line 
VM1163:3 I am the End Line 
undefined
console.log("I am the Start Line ");
console.log(doBigTask());
console.log("I am the End Line ");


VM1202:1 I am the Start Line 
VM1202:2 Big Task Ends 
VM1202:3 I am the End Line 
undefined
function doBigTask(){
    setTimeout(()=>{
    for(let i = 1; i<=100000; i++){
        for(let j = 1; j<=500000;j++){
            
        }
    }
    return "Big Task Ends ";
    },3000);
}
undefined
console.log("I am the Start Line ");
console.log(doBigTask());
console.log("I am the End Line ");


VM1296:1 I am the Start Line 
VM1296:2 undefined
VM1296:3 I am the End Line 
undefined
function doBigTask(){
    setTimeout(()=>{
    for(let i = 1; i<=100000; i++){
        for(let j = 1; j<=500000;j++){
            
        }
    }
        console.log("Big Task Ends ");
    return "Big Task Ends ";
    },3000);
}
undefined
console.log("I am the Start Line ");
console.log(doBigTask());
console.log("I am the End Line ");


VM1365:1 I am the Start Line 
VM1365:2 undefined
VM1365:3 I am the End Line 
undefined
VM1359:8 Big Task Ends 
function doBigTask(){
    setTimeout(()=>{
    for(let i = 1; i<=100000; i++){
        for(let j = 1; j<=500000;j++){
            
        }
    }
        console.log("Big Task Ends !!!!! ");
    return "Big Task Ends ";
    },3000);
}
undefined
console.log("I am the Start Line ");
console.log(doBigTask());
console.log("I am the End Line ");


VM1390:1 I am the Start Line 
VM1390:2 undefined
VM1390:3 I am the End Line 
undefined
VM1384:8 Big Task Ends !!!!! 
console.log('Hi');
VM1465:1 Hi
undefined
function doBigTask(callbackFn){
    setTimeout(()=>{
    for(let i = 1; i<=100000; i++){
        for(let j = 1; j<=500000;j++){
            
        }
    }
        console.log("Big Task Ends !!!!! ");
    callbackFn( "Big Task Ends ");
    },3000);
}
undefined
function getData(result){
    console.log('Async Data Rec ', result);
}
console.log("I am the Start Line ");
doBigTask(getData); // Fire + Forget + CallBack Fn
console.log("I am the End Line ");


VM1958:4 I am the Start Line 
VM1958:6 I am the End Line 
undefined
VM1515:8 Big Task Ends !!!!! 
VM1958:2 Async Data Rec  Big Task Ends 
