var prices = [10000,20000,30000,40000,1000,500];
undefined
prices.find(ele=>ele===1000);
1000
prices.find(ele=>ele===99999);
undefined
prices.findIndex(ele=>ele===1000)
4
prices.findIndex(ele=>ele===10000000)
-1
prices;
(6) [10000, 20000, 30000, 40000, 1000, 500]
prices.filter(price=>price>20000);
(2) [30000, 40000]
prices;
(6) [10000, 20000, 30000, 40000, 1000, 500]
var discountPrices = prices.map(price=>price - price * 0.20)
undefined
prices;
(6) [10000, 20000, 30000, 40000, 1000, 500]
discountPrices;
(6) [8000, 16000, 24000, 32000, 800, 400]
prices;
(6) [10000, 20000, 30000, 40000, 1000, 500]
prices.map(price=>price + price * 0.18);
(6) [11800, 23600, 35400, 47200, 1180, 590]
var priceWithGST = prices.map(price=>price + price * 0.18);
undefined
prices;
(6) [10000, 20000, 30000, 40000, 1000, 500]
priceWithGST;
(6) [11800, 23600, 35400, 47200, 1180, 590]
prices.sort((first, second)=>first-second);
(6) [500, 1000, 10000, 20000, 30000, 40000]
prices;
(6) [500, 1000, 10000, 20000, 30000, 40000]
prices.sort((first, second)=>second-first);
(6) [40000, 30000, 20000, 10000, 1000, 500]
var names = ["ram", "amit", "ramesh", "shyam","kim", "tim"];
undefined
"ram"-"amit"
NaN
"amit".localeCompare("ram");
-1
"ram".localeCompare("amit");
1
"ram".localeCompare("ram");
0
names.sort((first, second)=>first.localeCompare(second));
(6) ['amit', 'kim', 'ram', 'ramesh', 'shyam', 'tim']
names.sort((first, second)=>second.localeCompare(FinalizationRegistry));
(6) ['kim', 'ram', 'ramesh', 'shyam', 'tim', 'amit']
names.sort((first, second)=>second.localeCompare(first));
(6) ['tim', 'shyam', 'ramesh', 'ram', 'kim', 'amit']
