var dhoni = {name:'MS Dhoni', 6:300, 50: 77, 100: 20};
undefined
typeof dhoni;
'object'
dhoni.name;
'MS Dhoni'
dhoni.50;
VM305:1 Uncaught SyntaxError: Unexpected number
dhoni[50];
77
dhoni['name']
'MS Dhoni'
dhoni.first name = 'MS'
VM423:1 Uncaught SyntaxError: Unexpected identifier 'name'
dhoni.first-name = 'MS'
VM442:1 Uncaught SyntaxError: Invalid left-hand side in assignment
dhoni.['first-name'] = 'MS'
VM485:1 Uncaught SyntaxError: Unexpected token '['
dhoni['first-name'] = 'MS'
'MS'
dhoni;
{6: 300, 50: 77, 100: 20, name: 'MS Dhoni', first-name: 'MS'}
dhoni['first-name'] ;
'MS'
var key = 'name';
undefined
dhoni.key;
undefined
dhoni[key];
'MS Dhoni'
for(var key in dhoni){
    console.log(key);
}
VM802:2 6
VM802:2 50
VM802:2 100
VM802:2 name
VM802:2 first-name
undefined
for(var key in dhoni){
    console.log(key, dhoni[key]);
}
VM870:2 6 300
VM870:2 50 77
VM870:2 100 20
VM870:2 name MS Dhoni
VM870:2 first-name MS
undefined
function disp(){
    console.log('In the Start ', z);
    if(10>2){
        var z = 1000;
        console.log(z);
    }
    console.log('OutSide if ',z);
}
undefined
disp();
VM1303:2 In the Start  undefined
VM1303:5 1000
VM1303:7 OutSide if  1000
undefined
function disp(){
    console.log('In the Start... ', z);
    var z = 2000;
    console.log('In the Start ', z);
    if(10>2){
        var z = 1000;
        console.log(z);
    }
    var z= 3000;
    console.log('OutSide if ',z);
}
undefined
disp();
VM1455:2 In the Start...  undefined
VM1455:4 In the Start  2000
VM1455:7 1000
VM1455:10 OutSide if  3000
undefined
var d = 1000000;
undefined
window.d;
1000000
this; 
Window {window: Window, self: Window, document: document, name: '', location: Location, …}
this === window;
true
function disp(){
    console.log('In the Start... ', z);
    let z = 2000;
    console.log('In the Start ', z);
    if(10>2){
        let z = 1000;
        console.log(z);
    }
    let z= 3000;
    console.log('OutSide if ',z);
}
VM1647:9 Uncaught SyntaxError: Identifier 'z' has already been declared
function disp(){
    console.log('In the Start... ', z);
    let z = 2000;
    console.log('In the Start ', z);
    if(10>2){
        let z = 1000;
        console.log(z);
    }
    //let z= 3000;
    console.log('OutSide if ',z);
}
undefined
disp();
VM1678:2 Uncaught ReferenceError: Cannot access 'z' before initialization
    at disp (<anonymous>:2:37)
    at <anonymous>:1:1
disp @ VM1678:2
(anonymous) @ VM1702:1
function disp(){
    //console.log('In the Start... ', z);
    let z = 2000;
    console.log('In the Start ', z);
    if(10>2){
        let z = 1000;
        console.log(z);
    }
    //let z= 3000;
    console.log('OutSide if ',z);
}
undefined
disp();
VM1723:4 In the Start  2000
VM1723:7 1000
VM1723:10 OutSide if  2000
undefined
const PI = 3.14;
undefined
PI++;
VM1792:1 Uncaught TypeError: Assignment to constant variable.
    at <anonymous>:1:3
(anonymous) @ VM1792:1
const ARR = [10,20,30];
undefined
ARR.push(10000);
4
ARR;
(4) [10, 20, 30, 10000]
ARR.pop();
10000
ARR;
(3) [10, 20, 30]
ARR = [100,200,300];
VM2003:1 Uncaught TypeError: Assignment to constant variable.
    at <anonymous>:1:5
(anonymous) @ VM2003:1
MAX++;
VM2042:1 Uncaught ReferenceError: MAX is not defined
    at <anonymous>:1:1
(anonymous) @ VM2042:1
