function loop(n, fn){
    for(let i = 1; i<=n; i++){
        console.log(fn(i));
    }
}
const evenOdd = num=>num%2===0?`Even ${num}`:`Odd ${num}`;
const cube = num=>num**3;
const table =num=>5*num;
loop(10, evenOdd);
loop(5,cube);
loop(10,table);
VM813:3 Odd 1
VM813:3 Even 2
VM813:3 Odd 3
VM813:3 Even 4
VM813:3 Odd 5
VM813:3 Even 6
VM813:3 Odd 7
VM813:3 Even 8
VM813:3 Odd 9
VM813:3 Even 10
VM813:3 1
VM813:3 8
VM813:3 27
VM813:3 64
VM813:3 125
VM813:3 5
VM813:3 10
VM813:3 15
VM813:3 20
VM813:3 25
VM813:3 30
VM813:3 35
VM813:3 40
VM813:3 45
VM813:3 50
undefined
