function test(...z){
  console.log(z);
}
undefined
test(10,20,20);
VM156:2 (3) [10, 20, 20]
undefined
var arr = [10,20,30,40];
undefined
var arr2 = [100,200,300];
undefined
var arr3= [arr, arr2];
undefined
arr3[0];
(4) [10, 20, 30, 40]
arr3[1];
(3) [100, 200, 300]
arr3[0][2];
30
arr3[0];
(4) [10, 20, 30, 40]
arr[0] = 100000;
100000
arr;
(4) [100000, 20, 30, 40]
arr3[0];
(4) [100000, 20, 30, 40]
var arr4= [...arr, ...arr2];
undefined
arr4;
(7) [100000, 20, 30, 40, 100, 200, 300]
arr3;
(2) [Array(4), Array(3)]0: (4) [100000, 20, 30, 40]1: (3) [100, 200, 300]length: 2[[Prototype]]: Array(0)
arr;
(4) [100000, 20, 30, 40]
arr[0] = 999;
999
arr;
(4) [999, 20, 30, 40]
arr4;
(7) [100000, 20, 30, 40, 100, 200, 300]
var emp = {id:1001, name:'Ram', salary:9999, bonus:888};
undefined
var allowances = {salary: 100000, hra:111, da:222,ta:4444};
undefined
var myobject = {emp, allowances};
undefined
myobject;
{emp: {…}, allowances: {…}}allowances: {salary: 100000, hra: 111, da: 222, ta: 4444}emp: {id: 1001, name: 'Ram', salary: 9999, bonus: 888}[[Prototype]]: Object
myobject.emp.id;
1001
myobject.allowances.hra;
111
var obj2 = {...emp, ...allowances};
undefined
obj2;
{id: 1001, name: 'Ram', salary: 100000, bonus: 888, hra: 111, …}
obj2.bonus;
888
emp.id = 1000;
1000
obj2;
{id: 1001, name: 'Ram', salary: 100000, bonus: 888, hra: 111, …}
myobject.emp.id;
1000
var prices = [1000,200,3000,4000,5000];
undefined
var [x,y,z] = prices;
undefined
x;
1000
y;
200
z;
3000
prices;
(5) [1000, 200, 3000, 4000, 5000]
var [a,,,b] = prices;
undefined
a;
1000
b;
4000
var obj = {id:1001, name:'Ram', salary: 9999};
undefined
var t = obj.id;
undefined
t;
1001
var {name, salary} = obj;
undefined
name;
'Ram'
salary;
9999
function show(employee){
    console.log(employee.id, employee.name, employee.salary);
}
undefined
emp;
{id: 1000, name: 'Ram', salary: 9999, bonus: 888}
show(emp);
VM2331:2 1000 'Ram' 9999
undefined
function show({name, salary, id}){
    console.log(id, name, salary);
}
undefined
show(emp);
VM2548:2 1000 'Ram' 9999
undefined
